# JRE version: OpenJDK Runtime Environment Temurin-17.0.10+7 (17.0.10+7) (build 17.0.10+7)
# Java VM: OpenJDK 64-Bit Server VM Temurin-17.0.10+7 (17.0.10+7, mixed mode, emulated-client, tiered, compressed oops, compressed class ptrs, g1 gc, windows-amd64)
GC Precious Log:
 CPUs: 8 total, 8 available
 Memory: 7969M
 Large Page Support: Disabled
 NUMA Support: Disabled
 Compressed Oops: Enabled (32-bit)
 Heap Region Size: 1M
 Heap Min Capacity: 8M
 Heap Initial Capacity: 126M
 Heap Max Capacity: 1G
 Pre-touch: Disabled
 Parallel Workers: 8
 Concurrent Workers: 2
 Concurrent Refinement Workers: 8
 Periodic GC: Disabled
Heap:
 garbage-first heap   total 87040K, used 36774K [0x00000000c0000000, 0x0000000100000000)
  region size 1024K, 1 young (1024K), 0 survivors (0K)
 Metaspace       used 59464K, committed 59968K, reserved 1114112K
  class space    used 7431K, committed 7680K, reserved 1048576K
GC Heap History (20 events):
Event: 74159.691 GC heap before
{Heap before GC invocations=1394 (full 1373):
 garbage-first heap   total 87040K, used 36774K [0x00000000c0000000, 0x0000000100000000)
  region size 1024K, 1 young (1024K), 0 survivors (0K)
 Metaspace       used 59464K, committed 59968K, reserved 1114112K
  class space    used 7431K, committed 7680K, reserved 1048576K
}
Event: 74159.739 GC heap after
{Heap after GC invocations=1395 (full 1374):
 garbage-first heap   total 87040K, used 36774K [0x00000000c0000000, 0x0000000100000000)
  region size 1024K, 0 young (0K), 0 survivors (0K)
 Metaspace       used 59464K, committed 59968K, reserved 1114112K
  class space    used 7431K, committed 7680K, reserved 1048576K
}
Event: 74169.784 GC heap before
{Heap before GC invocations=1395 (full 1374):
 garbage-first heap   total 87040K, used 36774K [0x00000000c0000000, 0x0000000100000000)
  region size 1024K, 1 young (1024K), 0 survivors (0K)
 Metaspace       used 59464K, committed 59968K, reserved 1114112K
  class space    used 7431K, committed 7680K, reserved 1048576K
}
Event: 74169.839 GC heap after
{Heap after GC invocations=1396 (full 1375):
 garbage-first heap   total 87040K, used 36774K [0x00000000c0000000, 0x0000000100000000)
  region size 1024K, 0 young (0K), 0 survivors (0K)
 Metaspace       used 59464K, committed 59968K, reserved 1114112K
  class space    used 7431K, committed 7680K, reserved 1048576K
}
Event: 74179.882 GC heap before
{Heap before GC invocations=1396 (full 1375):
 garbage-first heap   total 87040K, used 36774K [0x00000000c0000000, 0x0000000100000000)
  region size 1024K, 1 young (1024K), 0 survivors (0K)
 Metaspace       used 59464K, committed 59968K, reserved 1114112K
  class space    used 7431K, committed 7680K, reserved 1048576K
}
Event: 74179.942 GC heap after
{Heap after GC invocations=1397 (full 1376):
 garbage-first heap   total 87040K, used 36774K [0x00000000c0000000, 0x0000000100000000)
  region size 1024K, 0 young (0K), 0 survivors (0K)
 Metaspace       used 59464K, committed 59968K, reserved 1114112K
  class space    used 7431K, committed 7680K, reserved 1048576K
}
Event: 74189.987 GC heap before
{Heap before GC invocations=1397 (full 1376):
 garbage-first heap   total 87040K, used 36774K [0x00000000c0000000, 0x0000000100000000)
  region size 1024K, 1 young (1024K), 0 survivors (0K)
 Metaspace       used 59464K, committed 59968K, reserved 1114112K
  class space    used 7431K, committed 7680K, reserved 1048576K
}
Event: 74190.039 GC heap after
{Heap after GC invocations=1398 (full 1377):
 garbage-first heap   total 87040K, used 36774K [0x00000000c0000000, 0x0000000100000000)
  region size 1024K, 0 young (0K), 0 survivors (0K)
 Metaspace       used 59464K, committed 59968K, reserved 1114112K
  class space    used 7431K, committed 7680K, reserved 1048576K
}
Event: 74200.078 GC heap before
{Heap before GC invocations=1398 (full 1377):
 garbage-first heap   total 87040K, used 36774K [0x00000000c0000000, 0x0000000100000000)
  region size 1024K, 1 young (1024K), 0 survivors (0K)
 Metaspace       used 59464K, committed 59968K, reserved 1114112K
  class space    used 7431K, committed 7680K, reserved 1048576K
}
Event: 74200.127 GC heap after
{Heap after GC invocations=1399 (full 1378):
 garbage-first heap   total 87040K, used 36774K [0x00000000c0000000, 0x0000000100000000)
  region size 1024K, 0 young (0K), 0 survivors (0K)
 Metaspace       used 59464K, committed 59968K, reserved 1114112K
  class space    used 7431K, committed 7680K, reserved 1048576K
}
Event: 74210.177 GC heap before
{Heap before GC invocations=1399 (full 1378):
 garbage-first heap   total 87040K, used 36774K [0x00000000c0000000, 0x0000000100000000)
  region size 1024K, 1 young (1024K), 0 survivors (0K)
 Metaspace       used 59464K, committed 59968K, reserved 1114112K
  class space    used 7431K, committed 7680K, reserved 1048576K
}
Event: 74210.234 GC heap after
{Heap after GC invocations=1400 (full 1379):
 garbage-first heap   total 87040K, used 36774K [0x00000000c0000000, 0x0000000100000000)
  region size 1024K, 0 young (0K), 0 survivors (0K)
 Metaspace       used 59464K, committed 59968K, reserved 1114112K
  class space    used 7431K, committed 7680K, reserved 1048576K
}
Event: 74220.289 GC heap before
{Heap before GC invocations=1400 (full 1379):
 garbage-first heap   total 87040K, used 36774K [0x00000000c0000000, 0x0000000100000000)
  region size 1024K, 1 young (1024K), 0 survivors (0K)
 Metaspace       used 59464K, committed 59968K, reserved 1114112K
  class space    used 7431K, committed 7680K, reserved 1048576K
}
Event: 74220.351 GC heap after
{Heap after GC invocations=1401 (full 1380):
 garbage-first heap   total 87040K, used 36774K [0x00000000c0000000, 0x0000000100000000)
  region size 1024K, 0 young (0K), 0 survivors (0K)
 Metaspace       used 59464K, committed 59968K, reserved 1114112K
  class space    used 7431K, committed 7680K, reserved 1048576K
}
Event: 74230.423 GC heap before
{Heap before GC invocations=1401 (full 1380):
 garbage-first heap   total 87040K, used 36774K [0x00000000c0000000, 0x0000000100000000)
  region size 1024K, 1 young (1024K), 0 survivors (0K)
 Metaspace       used 59464K, committed 59968K, reserved 1114112K
  class space    used 7431K, committed 7680K, reserved 1048576K
}
Event: 74230.488 GC heap after
{Heap after GC invocations=1402 (full 1381):
 garbage-first heap   total 87040K, used 36774K [0x00000000c0000000, 0x0000000100000000)
  region size 1024K, 0 young (0K), 0 survivors (0K)
 Metaspace       used 59464K, committed 59968K, reserved 1114112K
  class space    used 7431K, committed 7680K, reserved 1048576K
}
Event: 74240.560 GC heap before
{Heap before GC invocations=1402 (full 1381):
 garbage-first heap   total 87040K, used 36774K [0x00000000c0000000, 0x0000000100000000)
  region size 1024K, 1 young (1024K), 0 survivors (0K)
 Metaspace       used 59464K, committed 59968K, reserved 1114112K
  class space    used 7431K, committed 7680K, reserved 1048576K
}
Event: 74240.627 GC heap after
{Heap after GC invocations=1403 (full 1382):
 garbage-first heap   total 87040K, used 36774K [0x00000000c0000000, 0x0000000100000000)
  region size 1024K, 0 young (0K), 0 survivors (0K)
 Metaspace       used 59464K, committed 59968K, reserved 1114112K
  class space    used 7431K, committed 7680K, reserved 1048576K
}
Event: 74250.670 GC heap before
{Heap before GC invocations=1403 (full 1382):
 garbage-first heap   total 87040K, used 36774K [0x00000000c0000000, 0x0000000100000000)
  region size 1024K, 1 young (1024K), 0 survivors (0K)
 Metaspace       used 59464K, committed 59968K, reserved 1114112K
  class space    used 7431K, committed 7680K, reserved 1048576K
}
Event: 74250.744 GC heap after
{Heap after GC invocations=1404 (full 1383):
 garbage-first heap   total 87040K, used 36774K [0x00000000c0000000, 0x0000000100000000)
  region size 1024K, 0 young (0K), 0 survivors (0K)
 Metaspace       used 59464K, committed 59968K, reserved 1114112K
  class space    used 7431K, committed 7680K, reserved 1048576K
}

